<?xml version="1.0" encoding="UTF-8"?>
<!-- Generated by org.testng.reporters.JUnitXMLReporter -->
<testsuite hostname="user-PC" name="Default test" tests="2" failures="0" timestamp="5 Sep 2019 14:38:11 GMT" time="0.106" errors="0">
  <testcase name="createcustomertest" time="0.014" classname="com.actitime.genericlib.Beforeandaftermethodtest"/>
  <testcase name="modifycustomertest" time="0.002" classname="com.actitime.genericlib.Beforeandaftermethodtest"/>
</testsuite> <!-- Default test -->
